2025-09-24 21:26:38 | ACCESS | GET /health - 200 - 0.001s
2025-09-24 21:29:14 | ACCESS | GET /health - 200 - 0.000s
2025-09-24 21:29:17 | ACCESS | POST /auth/login - 401 - 0.266s
2025-09-24 21:32:59 | ACCESS | GET /health - 200 - 0.001s
2025-09-24 21:49:49 | ACCESS | GET /health - 200 - 0.001s
2025-09-24 21:50:34 | ACCESS | POST /auth/login - 401 - 0.269s
2025-09-24 21:50:57 | ACCESS | POST /auth/login - 401 - 0.225s
2025-09-24 21:51:41 | ACCESS | POST /auth/login - 401 - 0.210s
2025-09-24 21:53:12 | ACCESS | POST /auth/login - 401 - 0.003s
2025-09-24 21:55:09 | ACCESS | POST /auth/login - 401 - 0.003s
2025-09-24 21:55:10 | ACCESS | GET / - 200 - 0.001s
2025-09-24 21:55:10 | ACCESS | GET /dashboard - 200 - 0.063s
2025-09-24 21:55:10 | ACCESS | GET /dashboard - 200 - 0.005s
2025-09-24 21:55:10 | ACCESS | GET /khach-hang/ - 403 - 0.001s
2025-09-24 21:55:10 | ACCESS | GET /don-hang/ - 200 - 0.012s
2025-09-24 21:55:10 | ACCESS | GET /khach-hang/ - 403 - 0.002s
2025-09-24 21:55:10 | ACCESS | GET /don-hang/ - 200 - 0.006s
2025-09-24 21:55:10 | ACCESS | GET /admin/system-settings - 404 - 0.000s
2025-09-24 21:55:11 | ACCESS | PUT /admin/system-settings/app_name - 404 - 0.000s
2025-09-24 21:55:56 | ACCESS | GET /admin/system-settings - 404 - 0.001s
2025-09-24 21:56:20 | ACCESS | GET /admin/system-settings - 200 - 0.019s
2025-09-24 21:56:34 | ACCESS | POST /auth/login - 401 - 0.076s
2025-09-24 21:56:35 | ACCESS | GET / - 200 - 0.001s
2025-09-24 21:56:35 | ACCESS | GET /dashboard - 200 - 0.013s
2025-09-24 21:56:35 | ACCESS | GET /dashboard - 200 - 0.004s
2025-09-24 21:56:35 | ACCESS | GET /khach-hang/ - 403 - 0.000s
2025-09-24 21:56:35 | ACCESS | GET /don-hang/ - 200 - 0.015s
2025-09-24 21:56:35 | ACCESS | GET /khach-hang/ - 403 - 0.002s
2025-09-24 21:56:35 | ACCESS | GET /don-hang/ - 200 - 0.006s
2025-09-24 21:56:35 | ACCESS | GET /admin/system-settings - 200 - 0.002s
2025-09-24 21:56:36 | ACCESS | PUT /admin/system-settings/app_name - 200 - 0.014s
2025-09-24 21:56:36 | ACCESS | GET /admin/system-settings - 200 - 0.002s
2025-09-24 21:56:36 | ACCESS | PUT /admin/system-settings/app_name - 200 - 0.007s
2025-09-24 21:56:37 | ACCESS | GET /admin/system-settings - 200 - 0.005s
2025-09-24 21:57:06 | ACCESS | POST /auth/login - 401 - 0.029s
2025-09-24 21:57:06 | ACCESS | GET / - 200 - 0.001s
2025-09-24 21:57:06 | ACCESS | GET /dashboard - 200 - 0.006s
2025-09-24 21:57:06 | ACCESS | GET /dashboard - 200 - 0.003s
2025-09-24 21:57:06 | ACCESS | GET /khach-hang/ - 403 - 0.000s
2025-09-24 21:57:06 | ACCESS | GET /don-hang/ - 200 - 0.007s
2025-09-24 21:57:06 | ACCESS | GET /khach-hang/ - 403 - 0.001s
2025-09-24 21:57:06 | ACCESS | GET /don-hang/ - 200 - 0.006s
2025-09-24 21:57:09 | ACCESS | GET /admin/system-settings - 200 - 0.003s
2025-09-24 21:57:10 | ACCESS | PUT /admin/system-settings/app_name - 200 - 0.006s
2025-09-24 21:57:10 | ACCESS | GET /admin/system-settings - 200 - 0.003s
2025-09-24 21:57:10 | ACCESS | PUT /admin/system-settings/app_name - 200 - 0.013s
2025-09-24 21:57:10 | ACCESS | GET /admin/system-settings - 200 - 0.003s
2025-09-24 21:57:28 | ACCESS | POST /auth/login - 401 - 0.025s
2025-09-24 21:57:28 | ACCESS | GET / - 200 - 0.001s
2025-09-24 21:57:28 | ACCESS | GET /dashboard - 200 - 0.005s
2025-09-24 21:57:28 | ACCESS | GET /dashboard - 200 - 0.003s
2025-09-24 21:57:28 | ACCESS | GET /khach-hang/ - 403 - 0.000s
2025-09-24 21:57:28 | ACCESS | GET /don-hang/ - 200 - 0.007s
2025-09-24 21:57:28 | ACCESS | GET /khach-hang/ - 403 - 0.001s
2025-09-24 21:57:28 | ACCESS | GET /don-hang/ - 200 - 0.005s
2025-09-24 21:57:29 | ACCESS | GET /admin/system-settings - 200 - 0.002s
2025-09-24 21:57:30 | ACCESS | PUT /admin/system-settings/app_name - 200 - 0.006s
2025-09-24 21:57:30 | ACCESS | GET /admin/system-settings - 200 - 0.003s
2025-09-24 21:57:30 | ACCESS | PUT /admin/system-settings/app_name - 200 - 0.007s
2025-09-24 21:58:15 | ACCESS | PUT /admin/system-settings/app_name - 400 - 0.001s
2025-09-24 21:58:27 | ACCESS | PUT /admin/system-settings/app_name - 400 - 0.001s
2025-09-24 21:58:56 | ACCESS | PUT /admin/system-settings/app_name - 200 - 0.013s
2025-09-24 22:05:06 | ACCESS | POST /auth/login - 401 - 0.083s
2025-09-24 22:07:28 | ACCESS | POST /auth/login - 401 - 0.031s
2025-09-24 22:08:02 | ACCESS | POST /auth/login - 200 - 0.083s
2025-09-24 22:09:18 | ACCESS | GET /health - 200 - 0.001s
2025-09-24 22:09:18 | ACCESS | POST /auth/login - 200 - 0.031s
2025-09-24 22:13:36 | ACCESS | GET /settings/public - 404 - 0.000s
2025-09-24 22:13:54 | ACCESS | GET /settings/public - 200 - 0.011s
2025-09-24 22:15:43 | ACCESS | POST /auth/login - 200 - 0.039s
2025-09-24 22:15:43 | ACCESS | POST /auth/login - 200 - 0.029s
2025-09-24 22:15:43 | ACCESS | POST /auth/login - 200 - 0.023s
2025-09-24 22:15:43 | ACCESS | POST /auth/login - 200 - 0.024s
2025-09-24 22:15:43 | ACCESS | POST /auth/login - 200 - 0.023s
2025-09-24 22:15:43 | ACCESS | POST /auth/login - 200 - 0.023s
2025-09-24 22:15:43 | ACCESS | POST /auth/login - 200 - 0.025s
2025-09-24 22:15:43 | ACCESS | POST /auth/login - 200 - 0.022s
2025-09-24 22:15:43 | ACCESS | POST /auth/login - 200 - 0.024s
2025-09-24 22:15:43 | ACCESS | POST /auth/login - 200 - 0.023s
2025-09-24 22:15:43 | ACCESS | POST /auth/login - 200 - 0.071s
2025-09-24 22:16:50 | ACCESS | POST /auth/login - 200 - 0.045s
2025-09-24 22:16:50 | ACCESS | POST /auth/login - 200 - 0.023s
2025-09-24 22:16:50 | ACCESS | POST /auth/login - 200 - 0.023s
2025-09-24 22:16:50 | ACCESS | POST /auth/login - 200 - 0.022s
2025-09-24 22:16:50 | ACCESS | POST /auth/login - 200 - 0.024s
2025-09-24 22:16:50 | ACCESS | POST /auth/login - 200 - 0.023s
2025-09-24 22:16:50 | ACCESS | POST /auth/login - 200 - 0.061s
2025-09-24 22:16:50 | ACCESS | POST /auth/login - 200 - 0.023s
2025-09-24 22:16:50 | ACCESS | POST /auth/login - 200 - 0.022s
2025-09-24 22:16:50 | ACCESS | POST /auth/login - 200 - 0.021s
2025-09-24 22:16:50 | ACCESS | POST /auth/login - 200 - 0.022s
2025-09-24 22:17:58 | ACCESS | POST /auth/login - 200 - 0.022s
2025-09-24 22:17:58 | ACCESS | POST /auth/login - 200 - 0.022s
2025-09-24 22:17:58 | ACCESS | POST /auth/login - 200 - 0.024s
2025-09-24 22:17:58 | ACCESS | POST /auth/login - 200 - 0.021s
2025-09-24 22:17:58 | ACCESS | POST /auth/login - 200 - 0.024s
2025-09-24 22:17:58 | ACCESS | POST /auth/login - 200 - 0.022s
2025-09-24 22:17:58 | ACCESS | POST /auth/login - 200 - 0.023s
2025-09-24 22:17:58 | ACCESS | POST /auth/login - 200 - 0.023s
2025-09-24 22:17:58 | ACCESS | POST /auth/login - 200 - 0.023s
2025-09-24 22:17:58 | ACCESS | POST /auth/login - 200 - 0.024s
2025-09-24 22:17:58 | ACCESS | POST /auth/login - 200 - 0.023s
2025-09-24 22:18:40 | ACCESS | POST /auth/login - 200 - 0.023s
2025-09-24 22:18:40 | ACCESS | POST /auth/login - 200 - 0.024s
2025-09-24 22:18:40 | ACCESS | POST /auth/login - 200 - 0.027s
2025-09-24 22:18:40 | ACCESS | POST /auth/login - 200 - 0.023s
2025-09-24 22:18:40 | ACCESS | POST /auth/login - 200 - 0.029s
2025-09-24 22:18:40 | ACCESS | POST /auth/login - 200 - 0.023s
2025-09-24 22:18:40 | ACCESS | POST /auth/login - 200 - 0.025s
2025-09-24 22:18:40 | ACCESS | POST /auth/login - 200 - 0.024s
2025-09-24 22:18:40 | ACCESS | POST /auth/login - 200 - 0.023s
2025-09-24 22:18:40 | ACCESS | POST /auth/login - 200 - 0.027s
2025-09-24 22:18:40 | ACCESS | POST /auth/login - 200 - 0.024s
2025-09-24 22:18:40 | ACCESS | POST /auth/login - 200 - 0.028s
2025-09-24 22:18:40 | ACCESS | POST /auth/login - 200 - 0.027s
2025-09-24 22:18:40 | ACCESS | POST /auth/login - 200 - 0.024s
2025-09-24 22:18:40 | ACCESS | POST /auth/login - 200 - 0.025s
2025-09-24 22:18:40 | ACCESS | POST /auth/login - 200 - 0.024s
2025-09-24 22:18:41 | ACCESS | POST /auth/login - 200 - 0.027s
2025-09-24 22:18:41 | ACCESS | POST /auth/login - 200 - 0.025s
2025-09-24 22:18:41 | ACCESS | POST /auth/login - 200 - 0.027s
2025-09-24 22:18:41 | ACCESS | POST /auth/login - 200 - 0.022s
2025-09-24 22:18:41 | ACCESS | POST /auth/login - 200 - 0.024s
2025-09-24 22:18:41 | ACCESS | POST /auth/login - 200 - 0.023s
2025-09-24 22:18:41 | ACCESS | POST /auth/login - 200 - 0.024s
2025-09-24 22:18:41 | ACCESS | POST /auth/login - 200 - 0.031s
2025-09-24 22:18:41 | ACCESS | POST /auth/login - 200 - 0.028s
2025-09-24 22:19:06 | ACCESS | GET /health - 200 - 0.001s
2025-09-24 22:38:46 | ACCESS | POST /auth/login - 200 - 0.031s
2025-09-24 22:38:46 | ACCESS | GET /san-pham/ - 200 - 0.005s
2025-09-24 22:39:39 | ACCESS | POST /auth/login - 200 - 0.037s
2025-09-24 22:39:40 | ACCESS | GET /san-pham/ - 200 - 0.002s
2025-09-24 22:40:52 | ACCESS | POST /auth/login - 200 - 0.036s
2025-09-24 22:40:53 | ACCESS | GET /san-pham/ - 200 - 0.004s
2025-09-24 22:42:19 | ACCESS | POST /auth/login - 200 - 0.031s
2025-09-24 22:42:19 | ACCESS | GET /san-pham/ - 200 - 0.002s
2025-09-24 22:42:19 | ACCESS | GET /san-pham/ - 200 - 0.002s
2025-09-24 22:43:01 | ACCESS | POST /auth/login - 200 - 0.029s
2025-09-24 22:43:02 | ACCESS | GET /san-pham/ - 200 - 0.002s
2025-09-24 22:43:02 | ACCESS | GET /san-pham/ - 200 - 0.002s
2025-09-24 22:43:59 | ACCESS | POST /auth/login - 200 - 0.043s
2025-09-24 22:45:01 | ACCESS | POST /auth/login - 200 - 0.030s
2025-09-24 22:45:01 | ACCESS | GET /san-pham/ - 200 - 0.004s
2025-09-24 22:45:01 | ACCESS | POST /upload/product-image - 422 - 0.005s
2025-09-24 22:45:01 | ACCESS | GET /san-pham/ - 200 - 0.002s
2025-09-24 22:45:48 | ACCESS | POST /auth/login - 200 - 0.041s
2025-09-24 22:45:48 | ACCESS | GET /san-pham/ - 200 - 0.002s
2025-09-24 22:45:48 | ACCESS | GET /san-pham/ - 200 - 0.002s
2025-09-24 22:45:48 | ACCESS | POST /upload/product-image - 200 - 0.035s
2025-09-24 22:59:11 | ACCESS | POST /auth/login - 200 - 0.036s
2025-09-24 22:59:12 | ACCESS | GET /upload/list - 404 - 0.000s
2025-09-24 22:59:12 | ACCESS | GET /san-pham/ - 200 - 0.004s
2025-09-24 22:59:12 | ACCESS | GET /upload/list - 404 - 0.001s
2025-09-24 22:59:12 | ACCESS | POST /upload/product-image - 200 - 0.016s
2025-09-24 22:59:12 | ACCESS | GET /san-pham/ - 200 - 0.012s
2025-09-24 22:59:12 | ACCESS | GET /upload/list - 404 - 0.000s
2025-09-24 23:00:10 | ACCESS | POST /auth/login - 200 - 0.031s
2025-09-24 23:00:11 | ACCESS | GET /upload/list - 404 - 0.000s
2025-09-24 23:00:11 | ACCESS | GET /san-pham/ - 200 - 0.003s
2025-09-24 23:00:11 | ACCESS | GET /upload/list - 404 - 0.001s
2025-09-24 23:00:11 | ACCESS | GET /san-pham/ - 200 - 0.009s
2025-09-24 23:00:11 | ACCESS | POST /upload/product-image - 200 - 0.013s
2025-09-24 23:00:11 | ACCESS | GET /upload/list - 404 - 0.000s
2025-09-24 23:00:11 | ACCESS | GET /upload/list - 404 - 0.000s
2025-09-24 23:01:10 | ACCESS | POST /auth/login - 200 - 0.033s
2025-09-24 23:01:11 | ACCESS | GET /upload/list - 404 - 0.000s
2025-09-24 23:01:11 | ACCESS | GET /san-pham/ - 200 - 0.007s
2025-09-24 23:01:11 | ACCESS | GET /upload/list - 404 - 0.003s
2025-09-24 23:01:11 | ACCESS | GET /san-pham/ - 200 - 0.006s
2025-09-24 23:01:11 | ACCESS | POST /upload/product-image - 200 - 0.009s
2025-09-24 23:01:11 | ACCESS | GET /upload/list - 404 - 0.000s
